<?xml version="1.0" encoding="UTF-8"?>
<!-- Generated by org.testng.reporters.JUnitReportReporter -->
<testsuite hostname="DESKTOP-OVC9B5E" failures="0" tests="5" name="com.bankguru.user.Level_11_Dynamic_Page_Rest_Parameter" time="15.205" errors="0" timestamp="03 May 2022 14:19:44 GMT" skipped="0">
  <testcase classname="com.bankguru.user.Level_11_Dynamic_Page_Rest_Parameter" name="TC_01_Register_To_System" time="4.160"/>
  <testcase classname="com.bankguru.user.Level_11_Dynamic_Page_Rest_Parameter" name="TC_02_Login_To_System" time="2.598"/>
  <testcase classname="com.bankguru.user.Level_11_Dynamic_Page_Rest_Parameter" name="TC_03_Dynamic_Page" time="4.190"/>
  <testcase classname="com.bankguru.user.Level_11_Dynamic_Page_Rest_Parameter" name="TC_04_Logout" time="2.015"/>
  <testcase classname="com.bankguru.user.Level_11_Dynamic_Page_Rest_Parameter" name="TC_04_Dynamic_Page_" time="2.242"/>
</testsuite> <!-- com.bankguru.user.Level_11_Dynamic_Page_Rest_Parameter -->
