<?xml version="1.0" encoding="UTF-8"?>
<!-- Generated by org.testng.reporters.JUnitReportReporter -->
<testsuite hostname="DESKTOP-OVC9B5E" failures="0" tests="4" name="com.bankguru.user.Level_16_Share_Class_State_01" time="0.010" errors="0" timestamp="24 May 2022 19:23:11 GMT" skipped="0">
  <testcase classname="com.bankguru.user.Level_16_Share_Class_State_01" name="TC_02_View_Account" time="0.001"/>
  <testcase classname="com.bankguru.user.Level_16_Share_Class_State_01" name="TC_03_Edit_Account" time="0.002"/>
  <testcase classname="com.bankguru.user.Level_16_Share_Class_State_01" name="TC_04_Delete_Account" time="0.001"/>
  <testcase classname="com.bankguru.user.Level_16_Share_Class_State_01" name="TC_01_Create_New_Account" time="0.006"/>
</testsuite> <!-- com.bankguru.user.Level_16_Share_Class_State_01 -->
