<?xml version="1.0" encoding="UTF-8"?>
<!-- Generated by org.testng.reporters.JUnitReportReporter -->
<testsuite hostname="DESKTOP-OVC9B5E" failures="0" tests="1" name="com.bankguru.user.Level_13_Element_Undisplayed" time="12.909" errors="0" timestamp="14 May 2022 20:30:29 GMT" skipped="0">
  <testcase classname="com.bankguru.user.Level_13_Element_Undisplayed" name="TC_01_Element_Undisplayed" time="12.909"/>
</testsuite> <!-- com.bankguru.user.Level_13_Element_Undisplayed -->
