<?xml version="1.0" encoding="UTF-8"?>
<!-- Generated by org.testng.reporters.JUnitReportReporter -->
<testsuite hostname="DESKTOP-OVC9B5E" failures="0" tests="2" name="automationfc.com.Topic_01_Check_Environment" time="0.965" errors="0" timestamp="14 Apr 2022 19:00:46 GMT" skipped="0">
  <testcase classname="automationfc.com.Topic_01_Check_Environment" name="TC_01_Verify_Title" time="0.957"/>
  <testcase classname="automationfc.com.Topic_01_Check_Environment" name="TC_02_Verify_Url" time="0.008"/>
</testsuite> <!-- automationfc.com.Topic_01_Check_Environment -->
