<?xml version="1.0" encoding="UTF-8"?>
<!-- Generated by org.testng.reporters.JUnitReportReporter -->
<testsuite hostname="DESKTOP-OVC9B5E" failures="0" tests="2" name="com.java.facebook.Topic_01_Handle_Facebook_Cookie" time="16.252" errors="0" timestamp="29 May 2022 17:30:07 GMT" skipped="0">
  <testcase classname="com.java.facebook.Topic_01_Handle_Facebook_Cookie" name="TC_01_Get_Cookie" time="8.930"/>
  <testcase classname="com.java.facebook.Topic_01_Handle_Facebook_Cookie" name="TC_02_Set_Cookie" time="7.322"/>
</testsuite> <!-- com.java.facebook.Topic_01_Handle_Facebook_Cookie -->
