<?xml version="1.0" encoding="UTF-8"?>
<!-- Generated by org.testng.reporters.JUnitReportReporter -->
<testsuite hostname="DESKTOP-OVC9B5E" failures="0" tests="2" name="com.bankguru.user.Level_02_Abstract_Page" time="5.322" errors="0" timestamp="22 Apr 2022 15:06:25 GMT" skipped="0">
  <testcase classname="com.bankguru.user.Level_02_Abstract_Page" name="TC_01_Register_To_System" time="3.337"/>
  <testcase classname="com.bankguru.user.Level_02_Abstract_Page" name="TC_02_Login_To_System" time="1.985"/>
</testsuite> <!-- com.bankguru.user.Level_02_Abstract_Page -->
