<?xml version="1.0" encoding="UTF-8"?>
<!-- Generated by org.testng.reporters.JUnitReportReporter -->
<testsuite hostname="DESKTOP-OVC9B5E" failures="0" tests="16" name="com.bankguru.user.Level_06_Browser_Driver_Factory" time="0.020" errors="0" timestamp="01 May 2022 17:33:55 GMT" skipped="0">
  <testcase classname="com.bankguru.user.Level_06_Browser_Driver_Factory" name="TC_02_Login_To_System" time="0.000"/>
  <testcase classname="com.bankguru.user.Level_06_Browser_Driver_Factory" name="TC_03_New_Customer" time="0.002"/>
  <testcase classname="com.bankguru.user.Level_06_Browser_Driver_Factory" name="TC_02_Login_To_System" time="0.001"/>
  <testcase classname="com.bankguru.user.Level_06_Browser_Driver_Factory" name="TC_04_Logout" time="0.002"/>
  <testcase classname="com.bankguru.user.Level_06_Browser_Driver_Factory" name="TC_01_Register_To_System" time="0.001"/>
  <testcase classname="com.bankguru.user.Level_06_Browser_Driver_Factory" name="TC_03_New_Customer" time="0.001"/>
  <testcase classname="com.bankguru.user.Level_06_Browser_Driver_Factory" name="TC_01_Register_To_System" time="0.006"/>
  <testcase classname="com.bankguru.user.Level_06_Browser_Driver_Factory" name="TC_04_Logout" time="0.000"/>
  <testcase classname="com.bankguru.user.Level_06_Browser_Driver_Factory" name="TC_02_Login_To_System" time="0.001"/>
  <testcase classname="com.bankguru.user.Level_06_Browser_Driver_Factory" name="TC_04_Logout" time="0.001"/>
  <testcase classname="com.bankguru.user.Level_06_Browser_Driver_Factory" name="TC_03_New_Customer" time="0.001"/>
  <testcase classname="com.bankguru.user.Level_06_Browser_Driver_Factory" name="TC_04_Logout" time="0.001"/>
  <testcase classname="com.bankguru.user.Level_06_Browser_Driver_Factory" name="TC_02_Login_To_System" time="0.001"/>
  <testcase classname="com.bankguru.user.Level_06_Browser_Driver_Factory" name="TC_01_Register_To_System" time="0.000"/>
  <testcase classname="com.bankguru.user.Level_06_Browser_Driver_Factory" name="TC_03_New_Customer" time="0.001"/>
  <testcase classname="com.bankguru.user.Level_06_Browser_Driver_Factory" name="TC_01_Register_To_System" time="0.001"/>
</testsuite> <!-- com.bankguru.user.Level_06_Browser_Driver_Factory -->
