<?xml version="1.0" encoding="UTF-8"?>
<!-- Generated by org.testng.reporters.JUnitReportReporter -->
<testsuite hostname="DESKTOP-OVC9B5E" failures="0" tests="1" name="com.java.facebook.Topic_02_Login_Success" time="5.074" errors="0" timestamp="29 May 2022 17:39:23 GMT" skipped="0">
  <testcase classname="com.java.facebook.Topic_02_Login_Success" name="Load_Cookies" time="5.074"/>
</testsuite> <!-- com.java.facebook.Topic_02_Login_Success -->
