<?xml version="1.0" encoding="UTF-8"?>
<!-- Generated by org.testng.reporters.JUnitReportReporter -->
<testsuite hostname="DESKTOP-OVC9B5E" failures="0" tests="1" name="com.java.basic.test" time="2.320" errors="0" timestamp="10 May 2022 19:22:29 GMT" skipped="0">
  <testcase classname="com.java.basic.test" name="TC_01" time="2.320"/>
</testsuite> <!-- com.java.basic.test -->
