<?xml version="1.0" encoding="UTF-8"?>
<!-- Generated by org.testng.reporters.JUnitReportReporter -->
<testsuite hostname="DESKTOP-OVC9B5E" failures="0" tests="1" name="com.jquery.datatable.Level_12_Handle_Datatable" time="4.047" errors="0" timestamp="05 May 2022 17:44:29 GMT" skipped="0">
  <testcase classname="com.jquery.datatable.Level_12_Handle_Datatable" name="TC_05_Index" time="4.047"/>
</testsuite> <!-- com.jquery.datatable.Level_12_Handle_Datatable -->
