<?xml version="1.0" encoding="UTF-8"?>
<!-- Generated by org.testng.reporters.JUnitReportReporter -->
<testsuite hostname="DESKTOP-OVC9B5E" failures="0" tests="2" name="com.bankguru.user.Level_03_Abstract_Page_Extends" time="5.528" errors="0" timestamp="22 Apr 2022 15:17:09 GMT" skipped="0">
  <testcase classname="com.bankguru.user.Level_03_Abstract_Page_Extends" name="TC_02_Login_To_System" time="2.031"/>
  <testcase classname="com.bankguru.user.Level_03_Abstract_Page_Extends" name="TC_01_Register_To_System" time="3.497"/>
</testsuite> <!-- com.bankguru.user.Level_03_Abstract_Page_Extends -->
