<?xml version="1.0" encoding="UTF-8"?>
<!-- Generated by org.testng.reporters.JUnitReportReporter -->
<testsuite hostname="DESKTOP-OVC9B5E" failures="0" tests="2" name="com.bankguru.user.Level_13_Element_Undisplayed_POM" time="16.093" errors="0" timestamp="14 May 2022 20:44:01 GMT" skipped="0">
  <testcase classname="com.bankguru.user.Level_13_Element_Undisplayed_POM" name="TC_01_Register_To_System" time="3.892"/>
  <testcase classname="com.bankguru.user.Level_13_Element_Undisplayed_POM" name="TC_02_Login_To_System" time="12.201"/>
</testsuite> <!-- com.bankguru.user.Level_13_Element_Undisplayed_POM -->
