<?xml version="1.0" encoding="UTF-8"?>
<!-- Generated by org.testng.reporters.JUnitReportReporter -->
<testsuite hostname="DESKTOP-OVC9B5E" failures="0" tests="4" name="com.bankguru.user.Level_10_Switch_Page" time="12.076" errors="0" timestamp="02 May 2022 17:01:20 GMT" skipped="0">
  <testcase classname="com.bankguru.user.Level_10_Switch_Page" name="TC_02_Login_To_System" time="2.323"/>
  <testcase classname="com.bankguru.user.Level_10_Switch_Page" name="TC_04_Logout" time="2.370"/>
  <testcase classname="com.bankguru.user.Level_10_Switch_Page" name="TC_03_Navigate_To_Other_Page" time="3.257"/>
  <testcase classname="com.bankguru.user.Level_10_Switch_Page" name="TC_01_Register_To_System" time="4.126"/>
</testsuite> <!-- com.bankguru.user.Level_10_Switch_Page -->
